mode: set
github.com/danielacarrero/Twitter/src/service/tweet_manager.go:12.25,15.2 2 1
github.com/danielacarrero/Twitter/src/service/tweet_manager.go:17.52,18.23 1 1
github.com/danielacarrero/Twitter/src/service/tweet_manager.go:21.3,21.23 1 1
github.com/danielacarrero/Twitter/src/service/tweet_manager.go:24.3,24.28 1 1
github.com/danielacarrero/Twitter/src/service/tweet_manager.go:28.3,35.23 6 1
github.com/danielacarrero/Twitter/src/service/tweet_manager.go:18.23,20.4 1 1
github.com/danielacarrero/Twitter/src/service/tweet_manager.go:21.23,23.4 1 1
github.com/danielacarrero/Twitter/src/service/tweet_manager.go:24.28,26.4 1 1
github.com/danielacarrero/Twitter/src/service/tweet_manager.go:38.35,40.2 1 1
github.com/danielacarrero/Twitter/src/service/tweet_manager.go:42.33,44.2 1 1
github.com/danielacarrero/Twitter/src/service/tweet_manager.go:46.41,47.33 1 1
github.com/danielacarrero/Twitter/src/service/tweet_manager.go:52.3,52.13 1 1
github.com/danielacarrero/Twitter/src/service/tweet_manager.go:47.33,48.23 1 1
github.com/danielacarrero/Twitter/src/service/tweet_manager.go:48.23,50.6 1 1
github.com/danielacarrero/Twitter/src/service/tweet_manager.go:55.40,57.33 2 1
github.com/danielacarrero/Twitter/src/service/tweet_manager.go:62.3,62.17 1 1
github.com/danielacarrero/Twitter/src/service/tweet_manager.go:57.33,58.27 1 1
github.com/danielacarrero/Twitter/src/service/tweet_manager.go:58.27,60.6 1 1
github.com/danielacarrero/Twitter/src/service/tweet_manager.go:65.50,66.41 1 1
github.com/danielacarrero/Twitter/src/service/tweet_manager.go:71.3,71.13 1 1
github.com/danielacarrero/Twitter/src/service/tweet_manager.go:66.41,67.21 1 1
github.com/danielacarrero/Twitter/src/service/tweet_manager.go:67.21,69.6 1 1
