mode: set
github.com/danielacarrero/Twitter/src/service/tweet_manager.go:20.36,24.2 3 1
github.com/danielacarrero/Twitter/src/service/tweet_manager.go:26.70,27.28 1 1
github.com/danielacarrero/Twitter/src/service/tweet_manager.go:30.3,30.28 1 1
github.com/danielacarrero/Twitter/src/service/tweet_manager.go:33.3,33.33 1 1
github.com/danielacarrero/Twitter/src/service/tweet_manager.go:37.3,44.28 6 1
github.com/danielacarrero/Twitter/src/service/tweet_manager.go:27.28,29.4 1 1
github.com/danielacarrero/Twitter/src/service/tweet_manager.go:30.28,32.4 1 1
github.com/danielacarrero/Twitter/src/service/tweet_manager.go:33.33,35.4 1 1
github.com/danielacarrero/Twitter/src/service/tweet_manager.go:47.53,49.2 1 1
github.com/danielacarrero/Twitter/src/service/tweet_manager.go:51.51,53.2 1 1
github.com/danielacarrero/Twitter/src/service/tweet_manager.go:55.59,56.36 1 1
github.com/danielacarrero/Twitter/src/service/tweet_manager.go:61.3,61.13 1 1
github.com/danielacarrero/Twitter/src/service/tweet_manager.go:56.36,57.28 1 1
github.com/danielacarrero/Twitter/src/service/tweet_manager.go:57.28,59.6 1 1
github.com/danielacarrero/Twitter/src/service/tweet_manager.go:64.59,66.36 2 1
github.com/danielacarrero/Twitter/src/service/tweet_manager.go:71.3,71.17 1 1
github.com/danielacarrero/Twitter/src/service/tweet_manager.go:66.36,67.32 1 1
github.com/danielacarrero/Twitter/src/service/tweet_manager.go:67.32,69.6 1 1
github.com/danielacarrero/Twitter/src/service/tweet_manager.go:74.68,75.44 1 1
github.com/danielacarrero/Twitter/src/service/tweet_manager.go:80.3,80.13 1 1
github.com/danielacarrero/Twitter/src/service/tweet_manager.go:75.44,76.21 1 1
github.com/danielacarrero/Twitter/src/service/tweet_manager.go:76.21,78.6 1 1
github.com/danielacarrero/Twitter/src/domain/image_tweet.go:11.70,13.2 1 1
github.com/danielacarrero/Twitter/src/domain/image_tweet.go:15.50,27.2 1 1
github.com/danielacarrero/Twitter/src/domain/image_tweet.go:29.42,31.2 1 0
github.com/danielacarrero/Twitter/src/domain/image_tweet.go:33.43,35.2 1 0
github.com/danielacarrero/Twitter/src/domain/image_tweet.go:37.38,39.2 1 0
github.com/danielacarrero/Twitter/src/domain/image_tweet.go:41.47,43.2 1 0
github.com/danielacarrero/Twitter/src/domain/quote_tweet.go:11.82,13.2 1 1
github.com/danielacarrero/Twitter/src/domain/quote_tweet.go:15.50,27.2 1 1
github.com/danielacarrero/Twitter/src/domain/quote_tweet.go:29.42,31.2 1 0
github.com/danielacarrero/Twitter/src/domain/quote_tweet.go:33.43,35.2 1 0
github.com/danielacarrero/Twitter/src/domain/quote_tweet.go:37.38,39.2 1 0
github.com/danielacarrero/Twitter/src/domain/quote_tweet.go:41.47,43.2 1 0
github.com/danielacarrero/Twitter/src/domain/text_tweet.go:14.56,18.2 3 1
github.com/danielacarrero/Twitter/src/domain/text_tweet.go:20.49,32.2 1 1
github.com/danielacarrero/Twitter/src/domain/text_tweet.go:34.41,36.2 1 0
github.com/danielacarrero/Twitter/src/domain/text_tweet.go:38.42,40.2 1 0
github.com/danielacarrero/Twitter/src/domain/text_tweet.go:42.37,44.2 1 0
github.com/danielacarrero/Twitter/src/domain/text_tweet.go:46.46,48.2 1 0
